<?xml version="1.0" encoding="UTF-8"?>
<!-- Generated by org.testng.reporters.JUnitReportReporter -->
<testsuite hostname="Olesias-MBP.lan" failures="0" tests="2" name="org.company.Android.eCommerce_tc_2" time="35.917" errors="0" timestamp="2024-03-03T23:20:23 EST" skipped="0">
  <testcase classname="org.company.Android.eCommerce_tc_2" name="fillForm" time="16.521"/>
  <testcase classname="org.company.Android.eCommerce_tc_2" name="fillForm" time="19.396"/>
</testsuite> <!-- org.company.Android.eCommerce_tc_2 -->
