<?xml version="1.0" encoding="UTF-8"?>
<!-- Generated by org.testng.reporters.JUnitReportReporter -->
<testsuite hostname="Olesias-MBP.lan" failures="0" tests="2" name="org.company.Android.eCommerce_tc_3" time="25.114" errors="0" timestamp="2024-03-03T23:20:23 EST" skipped="0">
  <testcase classname="org.company.Android.eCommerce_tc_3" name="fillForm_ErrorValidation" time="9.330"/>
  <testcase classname="org.company.Android.eCommerce_tc_3" name="fillForm_PositiveFlow" time="15.784"/>
</testsuite> <!-- org.company.Android.eCommerce_tc_3 -->
