<?xml version="1.0" encoding="UTF-8"?>
<testsuite xmlns:xsi="http://www.w3.org/2001/XMLSchema-instance" xsi:noNamespaceSchemaLocation="https://maven.apache.org/surefire/maven-surefire-plugin/xsd/surefire-test-report-3.0.xsd" version="3.0" name="TestSuite" time="70.454" tests="8" errors="0" skipped="3" failures="1">
  <properties>
    <property name="java.specification.version" value="17"/>
    <property name="sun.jnu.encoding" value="UTF-8"/>
    <property name="java.class.path" value="/Users/olesiaoleinik/eclipse-workspace/AppiumFrameworkDesign/target/test-classes:/Users/olesiaoleinik/eclipse-workspace/AppiumFrameworkDesign/target/classes:/Users/olesiaoleinik/.m2/repository/io/appium/java-client/8.5.1/java-client-8.5.1.jar:/Users/olesiaoleinik/.m2/repository/org/seleniumhq/selenium/selenium-api/4.18.1/selenium-api-4.18.1.jar:/Users/olesiaoleinik/.m2/repository/com/google/code/gson/gson/2.10.1/gson-2.10.1.jar:/Users/olesiaoleinik/.m2/repository/commons-validator/commons-validator/1.7/commons-validator-1.7.jar:/Users/olesiaoleinik/.m2/repository/commons-beanutils/commons-beanutils/1.9.4/commons-beanutils-1.9.4.jar:/Users/olesiaoleinik/.m2/repository/commons-digester/commons-digester/2.1/commons-digester-2.1.jar:/Users/olesiaoleinik/.m2/repository/commons-logging/commons-logging/1.2/commons-logging-1.2.jar:/Users/olesiaoleinik/.m2/repository/commons-collections/commons-collections/3.2.2/commons-collections-3.2.2.jar:/Users/olesiaoleinik/.m2/repository/org/apache/commons/commons-lang3/3.12.0/commons-lang3-3.12.0.jar:/Users/olesiaoleinik/.m2/repository/org/slf4j/slf4j-api/2.0.7/slf4j-api-2.0.7.jar:/Users/olesiaoleinik/.m2/repository/org/testng/testng/7.8.0/testng-7.8.0.jar:/Users/olesiaoleinik/.m2/repository/com/beust/jcommander/1.82/jcommander-1.82.jar:/Users/olesiaoleinik/.m2/repository/org/webjars/jquery/3.6.1/jquery-3.6.1.jar:/Users/olesiaoleinik/.m2/repository/commons-io/commons-io/2.15.0/commons-io-2.15.0.jar:/Users/olesiaoleinik/.m2/repository/com/aventstack/extentreports/5.1.0/extentreports-5.1.0.jar:/Users/olesiaoleinik/.m2/repository/io/reactivex/rxjava3/rxjava/3.1.6/rxjava-3.1.6.jar:/Users/olesiaoleinik/.m2/repository/org/reactivestreams/reactive-streams/1.0.4/reactive-streams-1.0.4.jar:/Users/olesiaoleinik/.m2/repository/org/freemarker/freemarker/2.3.32/freemarker-2.3.32.jar:/Users/olesiaoleinik/.m2/repository/org/projectlombok/lombok/1.18.26/lombok-1.18.26.jar:/Users/olesiaoleinik/.m2/repository/com/fasterxml/jackson/core/jackson-databind/2.16.0/jackson-databind-2.16.0.jar:/Users/olesiaoleinik/.m2/repository/com/fasterxml/jackson/core/jackson-annotations/2.16.0/jackson-annotations-2.16.0.jar:/Users/olesiaoleinik/.m2/repository/com/fasterxml/jackson/core/jackson-core/2.16.0/jackson-core-2.16.0.jar:/Users/olesiaoleinik/.m2/repository/org/slf4j/slf4j-nop/2.0.10/slf4j-nop-2.0.10.jar:/Users/olesiaoleinik/.m2/repository/org/seleniumhq/selenium/selenium-remote-driver/4.13.0/selenium-remote-driver-4.13.0.jar:/Users/olesiaoleinik/.m2/repository/com/google/auto/service/auto-service-annotations/1.1.1/auto-service-annotations-1.1.1.jar:/Users/olesiaoleinik/.m2/repository/com/google/guava/guava/32.1.2-jre/guava-32.1.2-jre.jar:/Users/olesiaoleinik/.m2/repository/com/google/guava/failureaccess/1.0.1/failureaccess-1.0.1.jar:/Users/olesiaoleinik/.m2/repository/com/google/guava/listenablefuture/9999.0-empty-to-avoid-conflict-with-guava/listenablefuture-9999.0-empty-to-avoid-conflict-with-guava.jar:/Users/olesiaoleinik/.m2/repository/com/google/code/findbugs/jsr305/3.0.2/jsr305-3.0.2.jar:/Users/olesiaoleinik/.m2/repository/org/checkerframework/checker-qual/3.33.0/checker-qual-3.33.0.jar:/Users/olesiaoleinik/.m2/repository/com/google/errorprone/error_prone_annotations/2.18.0/error_prone_annotations-2.18.0.jar:/Users/olesiaoleinik/.m2/repository/com/google/j2objc/j2objc-annotations/2.8/j2objc-annotations-2.8.jar:/Users/olesiaoleinik/.m2/repository/io/netty/netty-buffer/4.1.96.Final/netty-buffer-4.1.96.Final.jar:/Users/olesiaoleinik/.m2/repository/io/netty/netty-codec-http/4.1.96.Final/netty-codec-http-4.1.96.Final.jar:/Users/olesiaoleinik/.m2/repository/io/netty/netty-codec/4.1.96.Final/netty-codec-4.1.96.Final.jar:/Users/olesiaoleinik/.m2/repository/io/netty/netty-handler/4.1.96.Final/netty-handler-4.1.96.Final.jar:/Users/olesiaoleinik/.m2/repository/io/netty/netty-common/4.1.96.Final/netty-common-4.1.96.Final.jar:/Users/olesiaoleinik/.m2/repository/io/netty/netty-transport-classes-epoll/4.1.96.Final/netty-transport-classes-epoll-4.1.96.Final.jar:/Users/olesiaoleinik/.m2/repository/io/netty/netty-transport-classes-kqueue/4.1.96.Final/netty-transport-classes-kqueue-4.1.96.Final.jar:/Users/olesiaoleinik/.m2/repository/io/netty/netty-transport-native-epoll/4.1.96.Final/netty-transport-native-epoll-4.1.96.Final.jar:/Users/olesiaoleinik/.m2/repository/io/netty/netty-transport-native-kqueue/4.1.96.Final/netty-transport-native-kqueue-4.1.96.Final.jar:/Users/olesiaoleinik/.m2/repository/io/netty/netty-transport-native-unix-common/4.1.96.Final/netty-transport-native-unix-common-4.1.96.Final.jar:/Users/olesiaoleinik/.m2/repository/io/netty/netty-transport/4.1.96.Final/netty-transport-4.1.96.Final.jar:/Users/olesiaoleinik/.m2/repository/io/netty/netty-resolver/4.1.96.Final/netty-resolver-4.1.96.Final.jar:/Users/olesiaoleinik/.m2/repository/io/opentelemetry/opentelemetry-api/1.28.0/opentelemetry-api-1.28.0.jar:/Users/olesiaoleinik/.m2/repository/io/opentelemetry/opentelemetry-context/1.28.0/opentelemetry-context-1.28.0.jar:/Users/olesiaoleinik/.m2/repository/io/opentelemetry/opentelemetry-exporter-logging/1.28.0/opentelemetry-exporter-logging-1.28.0.jar:/Users/olesiaoleinik/.m2/repository/io/opentelemetry/opentelemetry-sdk-metrics/1.28.0/opentelemetry-sdk-metrics-1.28.0.jar:/Users/olesiaoleinik/.m2/repository/io/opentelemetry/opentelemetry-extension-incubator/1.28.0-alpha/opentelemetry-extension-incubator-1.28.0-alpha.jar:/Users/olesiaoleinik/.m2/repository/io/opentelemetry/opentelemetry-sdk-logs/1.28.0/opentelemetry-sdk-logs-1.28.0.jar:/Users/olesiaoleinik/.m2/repository/io/opentelemetry/opentelemetry-sdk-common/1.28.0/opentelemetry-sdk-common-1.28.0.jar:/Users/olesiaoleinik/.m2/repository/io/opentelemetry/opentelemetry-sdk-extension-autoconfigure-spi/1.28.0/opentelemetry-sdk-extension-autoconfigure-spi-1.28.0.jar:/Users/olesiaoleinik/.m2/repository/io/opentelemetry/opentelemetry-sdk-extension-autoconfigure/1.28.0/opentelemetry-sdk-extension-autoconfigure-1.28.0.jar:/Users/olesiaoleinik/.m2/repository/io/opentelemetry/opentelemetry-api-events/1.28.0-alpha/opentelemetry-api-events-1.28.0-alpha.jar:/Users/olesiaoleinik/.m2/repository/io/opentelemetry/opentelemetry-sdk-trace/1.28.0/opentelemetry-sdk-trace-1.28.0.jar:/Users/olesiaoleinik/.m2/repository/io/opentelemetry/opentelemetry-sdk/1.28.0/opentelemetry-sdk-1.28.0.jar:/Users/olesiaoleinik/.m2/repository/io/opentelemetry/opentelemetry-semconv/1.28.0-alpha/opentelemetry-semconv-1.28.0-alpha.jar:/Users/olesiaoleinik/.m2/repository/net/bytebuddy/byte-buddy/1.14.5/byte-buddy-1.14.5.jar:/Users/olesiaoleinik/.m2/repository/org/asynchttpclient/async-http-client/2.12.3/async-http-client-2.12.3.jar:/Users/olesiaoleinik/.m2/repository/org/asynchttpclient/async-http-client-netty-utils/2.12.3/async-http-client-netty-utils-2.12.3.jar:/Users/olesiaoleinik/.m2/repository/io/netty/netty-codec-socks/4.1.60.Final/netty-codec-socks-4.1.60.Final.jar:/Users/olesiaoleinik/.m2/repository/io/netty/netty-handler-proxy/4.1.60.Final/netty-handler-proxy-4.1.60.Final.jar:/Users/olesiaoleinik/.m2/repository/io/netty/netty-transport-native-epoll/4.1.60.Final/netty-transport-native-epoll-4.1.60.Final-linux-x86_64.jar:/Users/olesiaoleinik/.m2/repository/io/netty/netty-transport-native-kqueue/4.1.60.Final/netty-transport-native-kqueue-4.1.60.Final-osx-x86_64.jar:/Users/olesiaoleinik/.m2/repository/com/typesafe/netty/netty-reactive-streams/2.0.4/netty-reactive-streams-2.0.4.jar:/Users/olesiaoleinik/.m2/repository/com/sun/activation/jakarta.activation/1.2.2/jakarta.activation-1.2.2.jar:/Users/olesiaoleinik/.m2/repository/org/seleniumhq/selenium/selenium-http/4.13.0/selenium-http-4.13.0.jar:/Users/olesiaoleinik/.m2/repository/dev/failsafe/failsafe/3.3.2/failsafe-3.3.2.jar:/Users/olesiaoleinik/.m2/repository/org/seleniumhq/selenium/selenium-json/4.13.0/selenium-json-4.13.0.jar:/Users/olesiaoleinik/.m2/repository/org/seleniumhq/selenium/selenium-manager/4.13.0/selenium-manager-4.13.0.jar:/Users/olesiaoleinik/.m2/repository/org/seleniumhq/selenium/selenium-os/4.13.0/selenium-os-4.13.0.jar:/Users/olesiaoleinik/.m2/repository/org/apache/commons/commons-exec/1.3/commons-exec-1.3.jar:/Users/olesiaoleinik/.m2/repository/org/seleniumhq/selenium/selenium-support/4.16.1/selenium-support-4.16.1.jar:"/>
    <property name="java.vm.vendor" value="Oracle Corporation"/>
    <property name="sun.arch.data.model" value="64"/>
    <property name="java.vendor.url" value="https://java.oracle.com/"/>
    <property name="user.timezone" value="America/New_York"/>
    <property name="os.name" value="Mac OS X"/>
    <property name="java.vm.specification.version" value="17"/>
    <property name="sun.java.launcher" value="SUN_STANDARD"/>
    <property name="user.country" value="US"/>
    <property name="sun.boot.library.path" value="/Library/Java/JavaVirtualMachines/jdk-17.jdk/Contents/Home/lib"/>
    <property name="sun.java.command" value="/Users/olesiaoleinik/eclipse-workspace/AppiumFrameworkDesign/target/surefire/surefirebooter-20240303231912985_3.jar /Users/olesiaoleinik/eclipse-workspace/AppiumFrameworkDesign/target/surefire 2024-03-03T23-19-12_945-jvmRun1 surefire-20240303231912985_1tmp surefire_0-20240303231912985_2tmp"/>
    <property name="http.nonProxyHosts" value="local|*.local|169.254/16|*.169.254/16"/>
    <property name="jdk.debug" value="release"/>
    <property name="surefire.test.class.path" value="/Users/olesiaoleinik/eclipse-workspace/AppiumFrameworkDesign/target/test-classes:/Users/olesiaoleinik/eclipse-workspace/AppiumFrameworkDesign/target/classes:/Users/olesiaoleinik/.m2/repository/io/appium/java-client/8.5.1/java-client-8.5.1.jar:/Users/olesiaoleinik/.m2/repository/org/seleniumhq/selenium/selenium-api/4.18.1/selenium-api-4.18.1.jar:/Users/olesiaoleinik/.m2/repository/com/google/code/gson/gson/2.10.1/gson-2.10.1.jar:/Users/olesiaoleinik/.m2/repository/commons-validator/commons-validator/1.7/commons-validator-1.7.jar:/Users/olesiaoleinik/.m2/repository/commons-beanutils/commons-beanutils/1.9.4/commons-beanutils-1.9.4.jar:/Users/olesiaoleinik/.m2/repository/commons-digester/commons-digester/2.1/commons-digester-2.1.jar:/Users/olesiaoleinik/.m2/repository/commons-logging/commons-logging/1.2/commons-logging-1.2.jar:/Users/olesiaoleinik/.m2/repository/commons-collections/commons-collections/3.2.2/commons-collections-3.2.2.jar:/Users/olesiaoleinik/.m2/repository/org/apache/commons/commons-lang3/3.12.0/commons-lang3-3.12.0.jar:/Users/olesiaoleinik/.m2/repository/org/slf4j/slf4j-api/2.0.7/slf4j-api-2.0.7.jar:/Users/olesiaoleinik/.m2/repository/org/testng/testng/7.8.0/testng-7.8.0.jar:/Users/olesiaoleinik/.m2/repository/com/beust/jcommander/1.82/jcommander-1.82.jar:/Users/olesiaoleinik/.m2/repository/org/webjars/jquery/3.6.1/jquery-3.6.1.jar:/Users/olesiaoleinik/.m2/repository/commons-io/commons-io/2.15.0/commons-io-2.15.0.jar:/Users/olesiaoleinik/.m2/repository/com/aventstack/extentreports/5.1.0/extentreports-5.1.0.jar:/Users/olesiaoleinik/.m2/repository/io/reactivex/rxjava3/rxjava/3.1.6/rxjava-3.1.6.jar:/Users/olesiaoleinik/.m2/repository/org/reactivestreams/reactive-streams/1.0.4/reactive-streams-1.0.4.jar:/Users/olesiaoleinik/.m2/repository/org/freemarker/freemarker/2.3.32/freemarker-2.3.32.jar:/Users/olesiaoleinik/.m2/repository/org/projectlombok/lombok/1.18.26/lombok-1.18.26.jar:/Users/olesiaoleinik/.m2/repository/com/fasterxml/jackson/core/jackson-databind/2.16.0/jackson-databind-2.16.0.jar:/Users/olesiaoleinik/.m2/repository/com/fasterxml/jackson/core/jackson-annotations/2.16.0/jackson-annotations-2.16.0.jar:/Users/olesiaoleinik/.m2/repository/com/fasterxml/jackson/core/jackson-core/2.16.0/jackson-core-2.16.0.jar:/Users/olesiaoleinik/.m2/repository/org/slf4j/slf4j-nop/2.0.10/slf4j-nop-2.0.10.jar:/Users/olesiaoleinik/.m2/repository/org/seleniumhq/selenium/selenium-remote-driver/4.13.0/selenium-remote-driver-4.13.0.jar:/Users/olesiaoleinik/.m2/repository/com/google/auto/service/auto-service-annotations/1.1.1/auto-service-annotations-1.1.1.jar:/Users/olesiaoleinik/.m2/repository/com/google/guava/guava/32.1.2-jre/guava-32.1.2-jre.jar:/Users/olesiaoleinik/.m2/repository/com/google/guava/failureaccess/1.0.1/failureaccess-1.0.1.jar:/Users/olesiaoleinik/.m2/repository/com/google/guava/listenablefuture/9999.0-empty-to-avoid-conflict-with-guava/listenablefuture-9999.0-empty-to-avoid-conflict-with-guava.jar:/Users/olesiaoleinik/.m2/repository/com/google/code/findbugs/jsr305/3.0.2/jsr305-3.0.2.jar:/Users/olesiaoleinik/.m2/repository/org/checkerframework/checker-qual/3.33.0/checker-qual-3.33.0.jar:/Users/olesiaoleinik/.m2/repository/com/google/errorprone/error_prone_annotations/2.18.0/error_prone_annotations-2.18.0.jar:/Users/olesiaoleinik/.m2/repository/com/google/j2objc/j2objc-annotations/2.8/j2objc-annotations-2.8.jar:/Users/olesiaoleinik/.m2/repository/io/netty/netty-buffer/4.1.96.Final/netty-buffer-4.1.96.Final.jar:/Users/olesiaoleinik/.m2/repository/io/netty/netty-codec-http/4.1.96.Final/netty-codec-http-4.1.96.Final.jar:/Users/olesiaoleinik/.m2/repository/io/netty/netty-codec/4.1.96.Final/netty-codec-4.1.96.Final.jar:/Users/olesiaoleinik/.m2/repository/io/netty/netty-handler/4.1.96.Final/netty-handler-4.1.96.Final.jar:/Users/olesiaoleinik/.m2/repository/io/netty/netty-common/4.1.96.Final/netty-common-4.1.96.Final.jar:/Users/olesiaoleinik/.m2/repository/io/netty/netty-transport-classes-epoll/4.1.96.Final/netty-transport-classes-epoll-4.1.96.Final.jar:/Users/olesiaoleinik/.m2/repository/io/netty/netty-transport-classes-kqueue/4.1.96.Final/netty-transport-classes-kqueue-4.1.96.Final.jar:/Users/olesiaoleinik/.m2/repository/io/netty/netty-transport-native-epoll/4.1.96.Final/netty-transport-native-epoll-4.1.96.Final.jar:/Users/olesiaoleinik/.m2/repository/io/netty/netty-transport-native-kqueue/4.1.96.Final/netty-transport-native-kqueue-4.1.96.Final.jar:/Users/olesiaoleinik/.m2/repository/io/netty/netty-transport-native-unix-common/4.1.96.Final/netty-transport-native-unix-common-4.1.96.Final.jar:/Users/olesiaoleinik/.m2/repository/io/netty/netty-transport/4.1.96.Final/netty-transport-4.1.96.Final.jar:/Users/olesiaoleinik/.m2/repository/io/netty/netty-resolver/4.1.96.Final/netty-resolver-4.1.96.Final.jar:/Users/olesiaoleinik/.m2/repository/io/opentelemetry/opentelemetry-api/1.28.0/opentelemetry-api-1.28.0.jar:/Users/olesiaoleinik/.m2/repository/io/opentelemetry/opentelemetry-context/1.28.0/opentelemetry-context-1.28.0.jar:/Users/olesiaoleinik/.m2/repository/io/opentelemetry/opentelemetry-exporter-logging/1.28.0/opentelemetry-exporter-logging-1.28.0.jar:/Users/olesiaoleinik/.m2/repository/io/opentelemetry/opentelemetry-sdk-metrics/1.28.0/opentelemetry-sdk-metrics-1.28.0.jar:/Users/olesiaoleinik/.m2/repository/io/opentelemetry/opentelemetry-extension-incubator/1.28.0-alpha/opentelemetry-extension-incubator-1.28.0-alpha.jar:/Users/olesiaoleinik/.m2/repository/io/opentelemetry/opentelemetry-sdk-logs/1.28.0/opentelemetry-sdk-logs-1.28.0.jar:/Users/olesiaoleinik/.m2/repository/io/opentelemetry/opentelemetry-sdk-common/1.28.0/opentelemetry-sdk-common-1.28.0.jar:/Users/olesiaoleinik/.m2/repository/io/opentelemetry/opentelemetry-sdk-extension-autoconfigure-spi/1.28.0/opentelemetry-sdk-extension-autoconfigure-spi-1.28.0.jar:/Users/olesiaoleinik/.m2/repository/io/opentelemetry/opentelemetry-sdk-extension-autoconfigure/1.28.0/opentelemetry-sdk-extension-autoconfigure-1.28.0.jar:/Users/olesiaoleinik/.m2/repository/io/opentelemetry/opentelemetry-api-events/1.28.0-alpha/opentelemetry-api-events-1.28.0-alpha.jar:/Users/olesiaoleinik/.m2/repository/io/opentelemetry/opentelemetry-sdk-trace/1.28.0/opentelemetry-sdk-trace-1.28.0.jar:/Users/olesiaoleinik/.m2/repository/io/opentelemetry/opentelemetry-sdk/1.28.0/opentelemetry-sdk-1.28.0.jar:/Users/olesiaoleinik/.m2/repository/io/opentelemetry/opentelemetry-semconv/1.28.0-alpha/opentelemetry-semconv-1.28.0-alpha.jar:/Users/olesiaoleinik/.m2/repository/net/bytebuddy/byte-buddy/1.14.5/byte-buddy-1.14.5.jar:/Users/olesiaoleinik/.m2/repository/org/asynchttpclient/async-http-client/2.12.3/async-http-client-2.12.3.jar:/Users/olesiaoleinik/.m2/repository/org/asynchttpclient/async-http-client-netty-utils/2.12.3/async-http-client-netty-utils-2.12.3.jar:/Users/olesiaoleinik/.m2/repository/io/netty/netty-codec-socks/4.1.60.Final/netty-codec-socks-4.1.60.Final.jar:/Users/olesiaoleinik/.m2/repository/io/netty/netty-handler-proxy/4.1.60.Final/netty-handler-proxy-4.1.60.Final.jar:/Users/olesiaoleinik/.m2/repository/io/netty/netty-transport-native-epoll/4.1.60.Final/netty-transport-native-epoll-4.1.60.Final-linux-x86_64.jar:/Users/olesiaoleinik/.m2/repository/io/netty/netty-transport-native-kqueue/4.1.60.Final/netty-transport-native-kqueue-4.1.60.Final-osx-x86_64.jar:/Users/olesiaoleinik/.m2/repository/com/typesafe/netty/netty-reactive-streams/2.0.4/netty-reactive-streams-2.0.4.jar:/Users/olesiaoleinik/.m2/repository/com/sun/activation/jakarta.activation/1.2.2/jakarta.activation-1.2.2.jar:/Users/olesiaoleinik/.m2/repository/org/seleniumhq/selenium/selenium-http/4.13.0/selenium-http-4.13.0.jar:/Users/olesiaoleinik/.m2/repository/dev/failsafe/failsafe/3.3.2/failsafe-3.3.2.jar:/Users/olesiaoleinik/.m2/repository/org/seleniumhq/selenium/selenium-json/4.13.0/selenium-json-4.13.0.jar:/Users/olesiaoleinik/.m2/repository/org/seleniumhq/selenium/selenium-manager/4.13.0/selenium-manager-4.13.0.jar:/Users/olesiaoleinik/.m2/repository/org/seleniumhq/selenium/selenium-os/4.13.0/selenium-os-4.13.0.jar:/Users/olesiaoleinik/.m2/repository/org/apache/commons/commons-exec/1.3/commons-exec-1.3.jar:/Users/olesiaoleinik/.m2/repository/org/seleniumhq/selenium/selenium-support/4.16.1/selenium-support-4.16.1.jar:"/>
    <property name="sun.cpu.endian" value="little"/>
    <property name="user.home" value="/Users/olesiaoleinik"/>
    <property name="user.language" value="en"/>
    <property name="java.specification.vendor" value="Oracle Corporation"/>
    <property name="java.version.date" value="2023-10-17"/>
    <property name="java.home" value="/Library/Java/JavaVirtualMachines/jdk-17.jdk/Contents/Home"/>
    <property name="file.separator" value="/"/>
    <property name="basedir" value="/Users/olesiaoleinik/eclipse-workspace/AppiumFrameworkDesign"/>
    <property name="java.vm.compressedOopsMode" value="Zero based"/>
    <property name="line.separator" value="&#10;"/>
    <property name="java.specification.name" value="Java Platform API Specification"/>
    <property name="java.vm.specification.vendor" value="Oracle Corporation"/>
    <property name="surefire.real.class.path" value="/Users/olesiaoleinik/eclipse-workspace/AppiumFrameworkDesign/target/surefire/surefirebooter-20240303231912985_3.jar"/>
    <property name="sun.management.compiler" value="HotSpot 64-Bit Tiered Compilers"/>
    <property name="ftp.nonProxyHosts" value="local|*.local|169.254/16|*.169.254/16"/>
    <property name="java.runtime.version" value="17.0.9+11-LTS-201"/>
    <property name="user.name" value="olesiaoleinik"/>
    <property name="path.separator" value=":"/>
    <property name="os.version" value="12.5"/>
    <property name="java.runtime.name" value="Java(TM) SE Runtime Environment"/>
    <property name="file.encoding" value="UTF-8"/>
    <property name="java.vm.name" value="Java HotSpot(TM) 64-Bit Server VM"/>
    <property name="localRepository" value="/Users/olesiaoleinik/.m2/repository"/>
    <property name="java.vendor.url.bug" value="https://bugreport.java.com/bugreport/"/>
    <property name="java.io.tmpdir" value="/var/folders/9t/wfrf1t_d7t3_xt7p_nbrkssh0000gn/T/"/>
    <property name="java.version" value="17.0.9"/>
    <property name="user.dir" value="/Users/olesiaoleinik/eclipse-workspace/AppiumFrameworkDesign"/>
    <property name="os.arch" value="aarch64"/>
    <property name="java.vm.specification.name" value="Java Virtual Machine Specification"/>
    <property name="native.encoding" value="UTF-8"/>
    <property name="java.library.path" value="/Users/olesiaoleinik/Library/Java/Extensions:/Library/Java/Extensions:/Network/Library/Java/Extensions:/System/Library/Java/Extensions:/usr/lib/java:."/>
    <property name="java.vm.info" value="mixed mode, sharing"/>
    <property name="java.vendor" value="Oracle Corporation"/>
    <property name="java.vm.version" value="17.0.9+11-LTS-201"/>
    <property name="sun.io.unicode.encoding" value="UnicodeBig"/>
    <property name="socksNonProxyHosts" value="local|*.local|169.254/16|*.169.254/16"/>
    <property name="java.class.version" value="61.0"/>
  </properties>
  <testcase name="fillForm_ErrorValidation" classname="org.company.Android.eCommerce_tc_3" time="9.331"/>
  <testcase name="fillForm_PositiveFlow" classname="org.company.Android.eCommerce_tc_3" time="15.782"/>
  <testcase name="fillForm[{name=Alicia Oleinik, country=Angola, gender=male}](1)" classname="org.company.Android.eCommerce_tc_2" time="16.055"/>
  <testcase name="fillForm[{name=li Oleinik, country=Argentina, gender=female}](2)" classname="org.company.Android.eCommerce_tc_2" time="18.896"/>
  <testcase name="ConfigureAppium" classname="org.company.IOS.IOSBasics" time="19.047">
    <failure message="For input string: &quot;port&quot;" type="java.lang.NumberFormatException"><![CDATA[java.lang.NumberFormatException: For input string: "port"
	at java.base/java.lang.NumberFormatException.forInputString(NumberFormatException.java:67)
	at java.base/java.lang.Integer.parseInt(Integer.java:668)
	at java.base/java.lang.Integer.parseInt(Integer.java:786)
	at org.company.testUtils.IOSBaseTest.ConfigureAppium(IOSBaseTest.java:47)
	at java.base/jdk.internal.reflect.NativeMethodAccessorImpl.invoke0(Native Method)
	at java.base/jdk.internal.reflect.NativeMethodAccessorImpl.invoke(NativeMethodAccessorImpl.java:77)
	at java.base/jdk.internal.reflect.DelegatingMethodAccessorImpl.invoke(DelegatingMethodAccessorImpl.java:43)
	at java.base/java.lang.reflect.Method.invoke(Method.java:568)
	at org.testng.internal.invokers.MethodInvocationHelper.invokeMethod(MethodInvocationHelper.java:139)
	at org.testng.internal.invokers.MethodInvocationHelper.invokeMethodConsideringTimeout(MethodInvocationHelper.java:69)
	at org.testng.internal.invokers.ConfigInvoker.invokeConfigurationMethod(ConfigInvoker.java:390)
	at org.testng.internal.invokers.ConfigInvoker.invokeConfigurations(ConfigInvoker.java:325)
	at org.testng.internal.invokers.TestMethodWorker.invokeBeforeClassMethods(TestMethodWorker.java:180)
	at org.testng.internal.invokers.TestMethodWorker.run(TestMethodWorker.java:122)
	at java.base/java.util.ArrayList.forEach(ArrayList.java:1511)
	at org.testng.TestRunner.privateRun(TestRunner.java:848)
	at org.testng.TestRunner.run(TestRunner.java:621)
	at org.testng.SuiteRunner.runTest(SuiteRunner.java:443)
	at org.testng.SuiteRunner.runSequentially(SuiteRunner.java:437)
	at org.testng.SuiteRunner.privateRun(SuiteRunner.java:397)
	at org.testng.SuiteRunner.run(SuiteRunner.java:336)
	at org.testng.SuiteRunnerWorker.runSuite(SuiteRunnerWorker.java:52)
	at org.testng.SuiteRunnerWorker.run(SuiteRunnerWorker.java:95)
	at org.testng.TestNG.runSuitesSequentially(TestNG.java:1280)
	at org.testng.TestNG.runSuitesLocally(TestNG.java:1200)
	at org.testng.TestNG.runSuites(TestNG.java:1114)
	at org.testng.TestNG.run(TestNG.java:1082)
	at org.apache.maven.surefire.testng.TestNGExecutor.run(TestNGExecutor.java:308)
	at org.apache.maven.surefire.testng.TestNGXmlTestSuite.execute(TestNGXmlTestSuite.java:71)
	at org.apache.maven.surefire.testng.TestNGProvider.invoke(TestNGProvider.java:113)
	at org.apache.maven.surefire.booter.ForkedBooter.runSuitesInProcess(ForkedBooter.java:385)
	at org.apache.maven.surefire.booter.ForkedBooter.execute(ForkedBooter.java:162)
	at org.apache.maven.surefire.booter.ForkedBooter.run(ForkedBooter.java:507)
	at org.apache.maven.surefire.booter.ForkedBooter.main(ForkedBooter.java:495)
]]></failure>
  </testcase>
  <testcase name="iOSBasicsTest" classname="org.company.IOS.IOSBasics" time="0.0">
    <skipped message="For input string: &quot;port&quot;"/>
  </testcase>
  <testcase name="tearDown" classname="org.company.IOS.IOSBasics" time="0.0">
    <skipped/>
  </testcase>
  <testcase name="tearDown" classname="org.company.IOS.IOSBasics" time="0.0">
    <skipped/>
  </testcase>
</testsuite>