<?xml version="1.0" encoding="UTF-8"?>
<!-- Generated by org.testng.reporters.JUnitReportReporter -->
<testsuite hostname="Olesias-MBP.lan" failures="0" tests="2" name="org.company.Android.eCommerce_tc_2" time="36.882" errors="0" timestamp="2024-02-27T12:53:08 EST" skipped="0">
  <testcase classname="org.company.Android.eCommerce_tc_2" name="fillForm" time="19.841"/>
  <testcase classname="org.company.Android.eCommerce_tc_2" name="fillForm" time="17.041"/>
</testsuite> <!-- org.company.Android.eCommerce_tc_2 -->
