<?xml version="1.0" encoding="UTF-8"?>
<!-- Generated by org.testng.reporters.JUnitReportReporter -->
<testsuite hostname="Olesias-MBP.lan" failures="0" tests="1" name="org.company.eCommerce_tc_2" time="19.719" errors="0" timestamp="2024-01-29T10:59:01 EST" skipped="0">
  <testcase classname="org.company.eCommerce_tc_2" name="fillForm" time="19.719"/>
</testsuite> <!-- org.company.eCommerce_tc_2 -->
